2024-09-30 16:11:06,312 [Worker-0] INFO  o.e.m.c.i.l.LifecycleMappingFactory - Using org.eclipse.m2e.jdt.JarLifecycleMapping lifecycle mapping for MavenProject: br.com.kobit:zenvia_hook:0.0.1-SNAPSHOT @ C:\Trabalho\Kobit\ceramfix\zenvia_hook\pom.xml.
2024-09-30 16:11:06,312 [Worker-6] INFO  o.e.m.c.i.l.LifecycleMappingFactory - Using org.eclipse.m2e.jdt.JarLifecycleMapping lifecycle mapping for MavenProject: br.com.kobit:zenvia_hook:0.0.1-SNAPSHOT @ C:\Trabalho\Kobit\ceramfix\zenvia_hook\pom.xml.
2024-09-30 16:11:14,099 [Worker-6] INFO  o.e.m.c.i.embedder.EclipseLogger - Using 'UTF-8' encoding to copy filtered resources.
2024-09-30 16:11:14,104 [Worker-6] INFO  o.e.m.c.i.embedder.EclipseLogger - Copying 7 resources
2024-09-30 16:11:14,138 [Worker-6] INFO  o.e.m.c.i.embedder.EclipseLogger - Using 'UTF-8' encoding to copy filtered resources.
2024-09-30 16:11:14,139 [Worker-6] INFO  o.e.m.c.i.embedder.EclipseLogger - skip non existing resourceDirectory C:\Trabalho\Kobit\ceramfix\zenvia_hook\src\test\resources
2024-09-30 16:11:15,536 [Worker-3] INFO  o.e.m.c.i.l.LifecycleMappingFactory - Using org.eclipse.m2e.jdt.JarLifecycleMapping lifecycle mapping for MavenProject: br.com.kobit:zenvia_hook:0.0.1-SNAPSHOT @ C:\Trabalho\Kobit\ceramfix\zenvia_hook\pom.xml.
2024-09-30 16:11:17,608 [Worker-0] INFO  o.e.m.c.i.embedder.EclipseLogger - Using 'UTF-8' encoding to copy filtered resources.
2024-09-30 16:11:17,616 [Worker-0] INFO  o.e.m.c.i.embedder.EclipseLogger - Copying 7 resources
2024-09-30 16:11:17,644 [Worker-0] INFO  o.e.m.c.i.embedder.EclipseLogger - Using 'UTF-8' encoding to copy filtered resources.
2024-09-30 16:11:17,644 [Worker-0] INFO  o.e.m.c.i.embedder.EclipseLogger - skip non existing resourceDirectory C:\Trabalho\Kobit\ceramfix\zenvia_hook\src\test\resources
2024-09-30 16:11:19,716 [Worker-2] INFO  o.e.m.c.i.embedder.EclipseLogger - Using 'UTF-8' encoding to copy filtered resources.
2024-09-30 16:11:19,716 [Worker-2] INFO  o.e.m.c.i.embedder.EclipseLogger - Copying 0 resource
2024-09-30 16:11:19,717 [Worker-2] INFO  o.e.m.c.i.embedder.EclipseLogger - Using 'UTF-8' encoding to copy filtered resources.
2024-09-30 16:11:19,717 [Worker-2] INFO  o.e.m.c.i.embedder.EclipseLogger - skip non existing resourceDirectory C:\Trabalho\Kobit\ceramfix\zenvia_hook\src\test\resources
2024-10-01 09:34:05,492 [Worker-6] INFO  o.e.m.c.i.l.LifecycleMappingFactory - Using org.eclipse.m2e.jdt.JarLifecycleMapping lifecycle mapping for MavenProject: br.com.kobit:zenvia_hook:0.0.1-SNAPSHOT @ C:\Trabalho\Kobit\ceramfix\zenvia_hook\pom.xml.
2024-10-01 09:34:09,124 [Worker-6] INFO  o.e.m.c.i.embedder.EclipseLogger - Using 'UTF-8' encoding to copy filtered resources.
2024-10-01 09:34:09,129 [Worker-6] INFO  o.e.m.c.i.embedder.EclipseLogger - Copying 7 resources
2024-10-01 09:34:09,158 [Worker-6] INFO  o.e.m.c.i.embedder.EclipseLogger - Using 'UTF-8' encoding to copy filtered resources.
2024-10-01 09:34:09,158 [Worker-6] INFO  o.e.m.c.i.embedder.EclipseLogger - skip non existing resourceDirectory C:\Trabalho\Kobit\ceramfix\zenvia_hook\src\test\resources
2024-10-01 09:34:10,305 [Worker-6] INFO  o.e.m.c.i.l.LifecycleMappingFactory - Using org.eclipse.m2e.jdt.JarLifecycleMapping lifecycle mapping for MavenProject: br.com.kobit:zenvia_hook:0.0.1-SNAPSHOT @ C:\Trabalho\Kobit\ceramfix\zenvia_hook\pom.xml.
2024-10-01 09:34:11,622 [Worker-6] INFO  o.e.m.c.i.embedder.EclipseLogger - Using 'UTF-8' encoding to copy filtered resources.
2024-10-01 09:34:11,624 [Worker-6] INFO  o.e.m.c.i.embedder.EclipseLogger - Copying 7 resources
2024-10-01 09:34:11,628 [Worker-6] INFO  o.e.m.c.i.embedder.EclipseLogger - Using 'UTF-8' encoding to copy filtered resources.
2024-10-01 09:34:11,629 [Worker-6] INFO  o.e.m.c.i.embedder.EclipseLogger - skip non existing resourceDirectory C:\Trabalho\Kobit\ceramfix\zenvia_hook\src\test\resources
2024-10-01 14:11:41,372 [Worker-0] INFO  o.e.m.c.i.l.LifecycleMappingFactory - Using org.eclipse.m2e.jdt.JarLifecycleMapping lifecycle mapping for MavenProject: br.com.kobit:zenvia_hook:0.0.1-SNAPSHOT @ C:\Trabalho\Kobit\ceramfix\zenvia_hook\pom.xml.
2024-10-01 14:11:45,904 [Worker-0] INFO  o.e.m.c.i.embedder.EclipseLogger - Using 'UTF-8' encoding to copy filtered resources.
2024-10-01 14:11:45,911 [Worker-0] INFO  o.e.m.c.i.embedder.EclipseLogger - Copying 7 resources
2024-10-01 14:11:45,922 [Worker-0] INFO  o.e.m.c.i.embedder.EclipseLogger - Using 'UTF-8' encoding to copy filtered resources.
2024-10-01 14:11:45,922 [Worker-0] INFO  o.e.m.c.i.embedder.EclipseLogger - skip non existing resourceDirectory C:\Trabalho\Kobit\ceramfix\zenvia_hook\src\test\resources
